<?xml version="1.0" encoding="UTF-8"?>
<testsuite xmlns:xsi="http://www.w3.org/2001/XMLSchema-instance" xsi:noNamespaceSchemaLocation="https://maven.apache.org/surefire/maven-surefire-plugin/xsd/surefire-test-report-3.0.xsd" version="3.0" name="TestSuite" time="9.739" tests="11" errors="0" skipped="0" failures="1">
  <properties>
    <property name="java.specification.version" value="13"/>
    <property name="webdriver.chrome.driver" value="C:\Users\13472\Downloads\chromedriver_win32\chromedriver.exe"/>
    <property name="sun.cpu.isalist" value="amd64"/>
    <property name="sun.jnu.encoding" value="Cp1252"/>
    <property name="java.class.path" value="C:\Users\13472\eclipse-workspace\Maven_Testing\target\test-classes;C:\Users\13472\eclipse-workspace\Maven_Testing\target\classes;C:\Users\13472\.m2\repository\org\seleniumhq\selenium\selenium-java\3.6.0\selenium-java-3.6.0.jar;C:\Users\13472\.m2\repository\org\seleniumhq\selenium\selenium-api\3.6.0\selenium-api-3.6.0.jar;C:\Users\13472\.m2\repository\org\seleniumhq\selenium\selenium-chrome-driver\3.6.0\selenium-chrome-driver-3.6.0.jar;C:\Users\13472\.m2\repository\org\seleniumhq\selenium\selenium-edge-driver\3.6.0\selenium-edge-driver-3.6.0.jar;C:\Users\13472\.m2\repository\org\seleniumhq\selenium\selenium-firefox-driver\3.6.0\selenium-firefox-driver-3.6.0.jar;C:\Users\13472\.m2\repository\org\seleniumhq\selenium\selenium-ie-driver\3.6.0\selenium-ie-driver-3.6.0.jar;C:\Users\13472\.m2\repository\org\seleniumhq\selenium\selenium-opera-driver\3.6.0\selenium-opera-driver-3.6.0.jar;C:\Users\13472\.m2\repository\org\seleniumhq\selenium\selenium-remote-driver\3.6.0\selenium-remote-driver-3.6.0.jar;C:\Users\13472\.m2\repository\org\seleniumhq\selenium\selenium-safari-driver\3.6.0\selenium-safari-driver-3.6.0.jar;C:\Users\13472\.m2\repository\org\seleniumhq\selenium\selenium-support\3.6.0\selenium-support-3.6.0.jar;C:\Users\13472\.m2\repository\net\bytebuddy\byte-buddy\1.7.5\byte-buddy-1.7.5.jar;C:\Users\13472\.m2\repository\org\apache\commons\commons-exec\1.3\commons-exec-1.3.jar;C:\Users\13472\.m2\repository\commons-codec\commons-codec\1.10\commons-codec-1.10.jar;C:\Users\13472\.m2\repository\commons-logging\commons-logging\1.2\commons-logging-1.2.jar;C:\Users\13472\.m2\repository\com\google\code\gson\gson\2.8.0\gson-2.8.0.jar;C:\Users\13472\.m2\repository\com\google\guava\guava\23.0\guava-23.0.jar;C:\Users\13472\.m2\repository\com\google\code\findbugs\jsr305\1.3.9\jsr305-1.3.9.jar;C:\Users\13472\.m2\repository\com\google\errorprone\error_prone_annotations\2.0.18\error_prone_annotations-2.0.18.jar;C:\Users\13472\.m2\repository\com\google\j2objc\j2objc-annotations\1.1\j2objc-annotations-1.1.jar;C:\Users\13472\.m2\repository\org\codehaus\mojo\animal-sniffer-annotations\1.14\animal-sniffer-annotations-1.14.jar;C:\Users\13472\.m2\repository\org\apache\httpcomponents\httpclient\4.5.3\httpclient-4.5.3.jar;C:\Users\13472\.m2\repository\org\apache\httpcomponents\httpcore\4.4.6\httpcore-4.4.6.jar;C:\Users\13472\.m2\repository\net\java\dev\jna\jna\4.1.0\jna-4.1.0.jar;C:\Users\13472\.m2\repository\net\java\dev\jna\jna-platform\4.1.0\jna-platform-4.1.0.jar;C:\Users\13472\.m2\repository\org\testng\testng\7.3.0\testng-7.3.0.jar;C:\Users\13472\.m2\repository\com\beust\jcommander\1.78\jcommander-1.78.jar;C:\Users\13472\.m2\repository\org\apache\ant\ant\1.10.3\ant-1.10.3.jar;C:\Users\13472\.m2\repository\org\apache\ant\ant-launcher\1.10.3\ant-launcher-1.10.3.jar;C:\Users\13472\.m2\repository\junit\junit\4.12\junit-4.12.jar;C:\Users\13472\.m2\repository\org\hamcrest\hamcrest-core\1.3\hamcrest-core-1.3.jar;C:\Users\13472\.m2\repository\com\google\inject\guice\4.2.2\guice-4.2.2-no_aop.jar;C:\Users\13472\.m2\repository\javax\inject\javax.inject\1\javax.inject-1.jar;C:\Users\13472\.m2\repository\aopalliance\aopalliance\1.0\aopalliance-1.0.jar;C:\Users\13472\.m2\repository\org\yaml\snakeyaml\1.21\snakeyaml-1.21.jar;C:\Users\13472\.m2\repository\net\sourceforge\owlapi\oppl2-oppl2\2.1.1\oppl2-oppl2-2.1.1.jar;C:\Users\13472\.m2\repository\net\sourceforge\owlapi\owlapi-distribution\3.4.10\owlapi-distribution-3.4.10.jar;C:\Users\13472\.m2\repository\net\sourceforge\owlapi\owlapi-apibinding\3.4.10\owlapi-apibinding-3.4.10.jar;C:\Users\13472\.m2\repository\org\apache\felix\org.osgi.core\1.4.0\org.osgi.core-1.4.0.jar;C:\Users\13472\.m2\repository\net\sourceforge\owlapi\owlapi-api\3.4.10\owlapi-api-3.4.10.jar;C:\Users\13472\.m2\repository\net\sourceforge\owlapi\owlapi-tools\3.4.10\owlapi-tools-3.4.10.jar;C:\Users\13472\.m2\repository\net\sourceforge\owlapi\owlapi-impl\3.4.10\owlapi-impl-3.4.10.jar;C:\Users\13472\.m2\repository\net\sourceforge\owlapi\owlapi-parsers\3.4.10\owlapi-parsers-3.4.10.jar;C:\Users\13472\.m2\repository\net\sourceforge\owlapi\owlapi-oboformat\3.4.10\owlapi-oboformat-3.4.10.jar;C:\Users\13472\.m2\repository\net\sourceforge\owlapi\owlapi-contract\3.4.10\owlapi-contract-3.4.10.jar;C:\Users\13472\.m2\repository\org\antlr\antlr\3.2\antlr-3.2.jar;C:\Users\13472\.m2\repository\org\antlr\antlr-runtime\3.2\antlr-runtime-3.2.jar;C:\Users\13472\.m2\repository\org\antlr\stringtemplate\3.2\stringtemplate-3.2.jar;C:\Users\13472\.m2\repository\antlr\antlr\2.7.7\antlr-2.7.7.jar;C:\Users\13472\.m2\repository\net\sourceforge\owlapi\jfact\1.2.1\jfact-1.2.1.jar;C:\Users\13472\.m2\repository\joda-time\joda-time\2.3\joda-time-2.3.jar;C:\Users\13472\.m2\repository\net\sourceforge\owlapi\oppl2-oppl2patterns\2.1.1\oppl2-oppl2patterns-2.1.1.jar;C:\Users\13472\.m2\repository\io\rest-assured\rest-assured\4.3.3\rest-assured-4.3.3.jar;C:\Users\13472\.m2\repository\org\codehaus\groovy\groovy\3.0.7\groovy-3.0.7.jar;C:\Users\13472\.m2\repository\org\codehaus\groovy\groovy-xml\3.0.7\groovy-xml-3.0.7.jar;C:\Users\13472\.m2\repository\org\apache\httpcomponents\httpmime\4.5.3\httpmime-4.5.3.jar;C:\Users\13472\.m2\repository\org\hamcrest\hamcrest\2.1\hamcrest-2.1.jar;C:\Users\13472\.m2\repository\org\ccil\cowan\tagsoup\tagsoup\1.2.1\tagsoup-1.2.1.jar;C:\Users\13472\.m2\repository\io\rest-assured\json-path\4.3.3\json-path-4.3.3.jar;C:\Users\13472\.m2\repository\org\codehaus\groovy\groovy-json\3.0.7\groovy-json-3.0.7.jar;C:\Users\13472\.m2\repository\io\rest-assured\rest-assured-common\4.3.3\rest-assured-common-4.3.3.jar;C:\Users\13472\.m2\repository\io\rest-assured\xml-path\4.3.3\xml-path-4.3.3.jar;C:\Users\13472\.m2\repository\org\apache\commons\commons-lang3\3.11\commons-lang3-3.11.jar;C:\Users\13472\.m2\repository\jakarta\xml\bind\jakarta.xml.bind-api\2.3.3\jakarta.xml.bind-api-2.3.3.jar;C:\Users\13472\.m2\repository\jakarta\activation\jakarta.activation-api\1.2.2\jakarta.activation-api-1.2.2.jar;C:\Users\13472\.m2\repository\com\sun\xml\bind\jaxb-impl\2.3.3\jaxb-impl-2.3.3.jar;"/>
    <property name="java.vm.vendor" value="Oracle Corporation"/>
    <property name="sun.arch.data.model" value="64"/>
    <property name="user.variant" value=""/>
    <property name="java.vendor.url" value="https://java.oracle.com/"/>
    <property name="user.timezone" value="America/New_York"/>
    <property name="os.name" value="Windows 10"/>
    <property name="java.vm.specification.version" value="13"/>
    <property name="sun.java.launcher" value="SUN_STANDARD"/>
    <property name="user.country" value="US"/>
    <property name="sun.boot.library.path" value="C:\Program Files\Java\jdk-13.0.1\bin"/>
    <property name="sun.java.command" value="C:\Users\13472\AppData\Local\Temp\surefire5595415026813217968\surefirebooter441963375426801365.jar C:\Users\13472\AppData\Local\Temp\surefire5595415026813217968 2020-12-20T21-46-55_022-jvmRun1 surefire8382403868212037758tmp surefire_09492873300648414162tmp"/>
    <property name="jdk.debug" value="release"/>
    <property name="surefire.test.class.path" value="C:\Users\13472\eclipse-workspace\Maven_Testing\target\test-classes;C:\Users\13472\eclipse-workspace\Maven_Testing\target\classes;C:\Users\13472\.m2\repository\org\seleniumhq\selenium\selenium-java\3.6.0\selenium-java-3.6.0.jar;C:\Users\13472\.m2\repository\org\seleniumhq\selenium\selenium-api\3.6.0\selenium-api-3.6.0.jar;C:\Users\13472\.m2\repository\org\seleniumhq\selenium\selenium-chrome-driver\3.6.0\selenium-chrome-driver-3.6.0.jar;C:\Users\13472\.m2\repository\org\seleniumhq\selenium\selenium-edge-driver\3.6.0\selenium-edge-driver-3.6.0.jar;C:\Users\13472\.m2\repository\org\seleniumhq\selenium\selenium-firefox-driver\3.6.0\selenium-firefox-driver-3.6.0.jar;C:\Users\13472\.m2\repository\org\seleniumhq\selenium\selenium-ie-driver\3.6.0\selenium-ie-driver-3.6.0.jar;C:\Users\13472\.m2\repository\org\seleniumhq\selenium\selenium-opera-driver\3.6.0\selenium-opera-driver-3.6.0.jar;C:\Users\13472\.m2\repository\org\seleniumhq\selenium\selenium-remote-driver\3.6.0\selenium-remote-driver-3.6.0.jar;C:\Users\13472\.m2\repository\org\seleniumhq\selenium\selenium-safari-driver\3.6.0\selenium-safari-driver-3.6.0.jar;C:\Users\13472\.m2\repository\org\seleniumhq\selenium\selenium-support\3.6.0\selenium-support-3.6.0.jar;C:\Users\13472\.m2\repository\net\bytebuddy\byte-buddy\1.7.5\byte-buddy-1.7.5.jar;C:\Users\13472\.m2\repository\org\apache\commons\commons-exec\1.3\commons-exec-1.3.jar;C:\Users\13472\.m2\repository\commons-codec\commons-codec\1.10\commons-codec-1.10.jar;C:\Users\13472\.m2\repository\commons-logging\commons-logging\1.2\commons-logging-1.2.jar;C:\Users\13472\.m2\repository\com\google\code\gson\gson\2.8.0\gson-2.8.0.jar;C:\Users\13472\.m2\repository\com\google\guava\guava\23.0\guava-23.0.jar;C:\Users\13472\.m2\repository\com\google\code\findbugs\jsr305\1.3.9\jsr305-1.3.9.jar;C:\Users\13472\.m2\repository\com\google\errorprone\error_prone_annotations\2.0.18\error_prone_annotations-2.0.18.jar;C:\Users\13472\.m2\repository\com\google\j2objc\j2objc-annotations\1.1\j2objc-annotations-1.1.jar;C:\Users\13472\.m2\repository\org\codehaus\mojo\animal-sniffer-annotations\1.14\animal-sniffer-annotations-1.14.jar;C:\Users\13472\.m2\repository\org\apache\httpcomponents\httpclient\4.5.3\httpclient-4.5.3.jar;C:\Users\13472\.m2\repository\org\apache\httpcomponents\httpcore\4.4.6\httpcore-4.4.6.jar;C:\Users\13472\.m2\repository\net\java\dev\jna\jna\4.1.0\jna-4.1.0.jar;C:\Users\13472\.m2\repository\net\java\dev\jna\jna-platform\4.1.0\jna-platform-4.1.0.jar;C:\Users\13472\.m2\repository\org\testng\testng\7.3.0\testng-7.3.0.jar;C:\Users\13472\.m2\repository\com\beust\jcommander\1.78\jcommander-1.78.jar;C:\Users\13472\.m2\repository\org\apache\ant\ant\1.10.3\ant-1.10.3.jar;C:\Users\13472\.m2\repository\org\apache\ant\ant-launcher\1.10.3\ant-launcher-1.10.3.jar;C:\Users\13472\.m2\repository\junit\junit\4.12\junit-4.12.jar;C:\Users\13472\.m2\repository\org\hamcrest\hamcrest-core\1.3\hamcrest-core-1.3.jar;C:\Users\13472\.m2\repository\com\google\inject\guice\4.2.2\guice-4.2.2-no_aop.jar;C:\Users\13472\.m2\repository\javax\inject\javax.inject\1\javax.inject-1.jar;C:\Users\13472\.m2\repository\aopalliance\aopalliance\1.0\aopalliance-1.0.jar;C:\Users\13472\.m2\repository\org\yaml\snakeyaml\1.21\snakeyaml-1.21.jar;C:\Users\13472\.m2\repository\net\sourceforge\owlapi\oppl2-oppl2\2.1.1\oppl2-oppl2-2.1.1.jar;C:\Users\13472\.m2\repository\net\sourceforge\owlapi\owlapi-distribution\3.4.10\owlapi-distribution-3.4.10.jar;C:\Users\13472\.m2\repository\net\sourceforge\owlapi\owlapi-apibinding\3.4.10\owlapi-apibinding-3.4.10.jar;C:\Users\13472\.m2\repository\org\apache\felix\org.osgi.core\1.4.0\org.osgi.core-1.4.0.jar;C:\Users\13472\.m2\repository\net\sourceforge\owlapi\owlapi-api\3.4.10\owlapi-api-3.4.10.jar;C:\Users\13472\.m2\repository\net\sourceforge\owlapi\owlapi-tools\3.4.10\owlapi-tools-3.4.10.jar;C:\Users\13472\.m2\repository\net\sourceforge\owlapi\owlapi-impl\3.4.10\owlapi-impl-3.4.10.jar;C:\Users\13472\.m2\repository\net\sourceforge\owlapi\owlapi-parsers\3.4.10\owlapi-parsers-3.4.10.jar;C:\Users\13472\.m2\repository\net\sourceforge\owlapi\owlapi-oboformat\3.4.10\owlapi-oboformat-3.4.10.jar;C:\Users\13472\.m2\repository\net\sourceforge\owlapi\owlapi-contract\3.4.10\owlapi-contract-3.4.10.jar;C:\Users\13472\.m2\repository\org\antlr\antlr\3.2\antlr-3.2.jar;C:\Users\13472\.m2\repository\org\antlr\antlr-runtime\3.2\antlr-runtime-3.2.jar;C:\Users\13472\.m2\repository\org\antlr\stringtemplate\3.2\stringtemplate-3.2.jar;C:\Users\13472\.m2\repository\antlr\antlr\2.7.7\antlr-2.7.7.jar;C:\Users\13472\.m2\repository\net\sourceforge\owlapi\jfact\1.2.1\jfact-1.2.1.jar;C:\Users\13472\.m2\repository\joda-time\joda-time\2.3\joda-time-2.3.jar;C:\Users\13472\.m2\repository\net\sourceforge\owlapi\oppl2-oppl2patterns\2.1.1\oppl2-oppl2patterns-2.1.1.jar;C:\Users\13472\.m2\repository\io\rest-assured\rest-assured\4.3.3\rest-assured-4.3.3.jar;C:\Users\13472\.m2\repository\org\codehaus\groovy\groovy\3.0.7\groovy-3.0.7.jar;C:\Users\13472\.m2\repository\org\codehaus\groovy\groovy-xml\3.0.7\groovy-xml-3.0.7.jar;C:\Users\13472\.m2\repository\org\apache\httpcomponents\httpmime\4.5.3\httpmime-4.5.3.jar;C:\Users\13472\.m2\repository\org\hamcrest\hamcrest\2.1\hamcrest-2.1.jar;C:\Users\13472\.m2\repository\org\ccil\cowan\tagsoup\tagsoup\1.2.1\tagsoup-1.2.1.jar;C:\Users\13472\.m2\repository\io\rest-assured\json-path\4.3.3\json-path-4.3.3.jar;C:\Users\13472\.m2\repository\org\codehaus\groovy\groovy-json\3.0.7\groovy-json-3.0.7.jar;C:\Users\13472\.m2\repository\io\rest-assured\rest-assured-common\4.3.3\rest-assured-common-4.3.3.jar;C:\Users\13472\.m2\repository\io\rest-assured\xml-path\4.3.3\xml-path-4.3.3.jar;C:\Users\13472\.m2\repository\org\apache\commons\commons-lang3\3.11\commons-lang3-3.11.jar;C:\Users\13472\.m2\repository\jakarta\xml\bind\jakarta.xml.bind-api\2.3.3\jakarta.xml.bind-api-2.3.3.jar;C:\Users\13472\.m2\repository\jakarta\activation\jakarta.activation-api\1.2.2\jakarta.activation-api-1.2.2.jar;C:\Users\13472\.m2\repository\com\sun\xml\bind\jaxb-impl\2.3.3\jaxb-impl-2.3.3.jar;"/>
    <property name="sun.cpu.endian" value="little"/>
    <property name="user.home" value="C:\Users\13472"/>
    <property name="user.language" value="en"/>
    <property name="java.specification.vendor" value="Oracle Corporation"/>
    <property name="java.version.date" value="2019-10-15"/>
    <property name="java.home" value="C:\Program Files\Java\jdk-13.0.1"/>
    <property name="file.separator" value="\"/>
    <property name="basedir" value="C:\Users\13472\eclipse-workspace\Maven_Testing"/>
    <property name="java.vm.compressedOopsMode" value="32-bit"/>
    <property name="line.separator" value="&#10;"/>
    <property name="java.vm.specification.vendor" value="Oracle Corporation"/>
    <property name="java.specification.name" value="Java Platform API Specification"/>
    <property name="surefire.real.class.path" value="C:\Users\13472\AppData\Local\Temp\surefire5595415026813217968\surefirebooter441963375426801365.jar"/>
    <property name="user.script" value=""/>
    <property name="sun.management.compiler" value="HotSpot 64-Bit Tiered Compilers"/>
    <property name="java.runtime.version" value="13.0.1+9"/>
    <property name="user.name" value="13472"/>
    <property name="path.separator" value=";"/>
    <property name="os.version" value="10.0"/>
    <property name="java.runtime.name" value="Java(TM) SE Runtime Environment"/>
    <property name="file.encoding" value="Cp1252"/>
    <property name="java.vm.name" value="Java HotSpot(TM) 64-Bit Server VM"/>
    <property name="localRepository" value="C:\Users\13472\.m2\repository"/>
    <property name="java.vendor.url.bug" value="https://bugreport.java.com/bugreport/"/>
    <property name="java.io.tmpdir" value="C:\Users\13472\AppData\Local\Temp\"/>
    <property name="java.version" value="13.0.1"/>
    <property name="user.dir" value="C:\Users\13472\eclipse-workspace\Maven_Testing"/>
    <property name="os.arch" value="amd64"/>
    <property name="java.vm.specification.name" value="Java Virtual Machine Specification"/>
    <property name="sun.os.patch.level" value=""/>
    <property name="java.library.path" value="C:\Program Files\Java\jdk-13.0.1\bin;C:\WINDOWS\Sun\Java\bin;C:\WINDOWS\system32;C:\WINDOWS;C:\WINDOWS\system32;C:\WINDOWS;C:\WINDOWS\System32\Wbem;C:\WINDOWS\System32\WindowsPowerShell\v1.0\;C:\WINDOWS\System32\OpenSSH\;C:\Program Files\Java\jdk-12.0.1\bin;C:\Program Files\Git\cmd;C:\Program Files\Java\jdk-13.0.1\bin;C:\Users\13472\Downloads\apache-maven-3.6.3-bin\apache-maven-3.6.3\bin;C:\Users\13472\AppData\Local\Microsoft\WindowsApps;;C:\Program Files (x86)\SSH Communications Security\SSH Secure Shell;C:\Program Files\JetBrains\IntelliJ IDEA Community Edition 2019.2.4\bin;;;."/>
    <property name="java.vm.info" value="mixed mode, sharing"/>
    <property name="java.vendor" value="Oracle Corporation"/>
    <property name="java.vm.version" value="13.0.1+9"/>
    <property name="sun.io.unicode.encoding" value="UnicodeLittle"/>
    <property name="java.class.version" value="57.0"/>
  </properties>
  <testcase name="day1_tests_2_1" classname="alltesting.Maven_Testing.day1_Test" time="0.015">
    <system-out><![CDATA[testing the xml file
]]></system-out>
  </testcase>
  <testcase name="day1_tests_2_2" classname="alltesting.Maven_Testing.day1_Test" time="0.002">
    <system-out><![CDATA[testing the xml file
]]></system-out>
  </testcase>
  <testcase name="daycarloan" classname="alltesting.Maven_Testing.day1_Test" time="0.009">
    <system-out><![CDATA[car0 
]]></system-out>
  </testcase>
  <testcase name="daycarloan1" classname="alltesting.Maven_Testing.day1_Test" time="0.001">
    <system-out><![CDATA[car1
]]></system-out>
  </testcase>
  <testcase name="daycarloan2" classname="alltesting.Maven_Testing.day1_Test" time="0.003">
    <system-out><![CDATA[car2 
]]></system-out>
  </testcase>
  <testcase name="day1_tests_2_1" classname="alltesting.Maven_Testing.day1_test_3_Test" time="0.005">
    <system-out><![CDATA[testing the xml file from the maven rep 222
]]></system-out>
  </testcase>
  <testcase name="day1_tests_2_2" classname="alltesting.Maven_Testing.day1_test_3_Test" time="0.007">
    <system-out><![CDATA[testing the xml file
]]></system-out>
  </testcase>
  <testcase name="daycarloan" classname="alltesting.Maven_Testing.day1_test_3_Test" time="0.002">
    <system-out><![CDATA[car0 
]]></system-out>
  </testcase>
  <testcase name="daycarloan1" classname="alltesting.Maven_Testing.day1_test_3_Test" time="0.001">
    <system-out><![CDATA[car1
]]></system-out>
  </testcase>
  <testcase name="daycarloan2" classname="alltesting.Maven_Testing.day1_test_3_Test" time="0.001">
    <system-out><![CDATA[car2 
]]></system-out>
  </testcase>
  <testcase name="day1" classname="alltesting.Maven_Testing.first_testng_Test" time="8.095">
    <failure message="unknown error: cannot determine loading status&#10;from disconnected: received Inspector.detached event&#10;  (Session info: chrome=87.0.4280.88)&#10;Build info: version: &apos;3.6.0&apos;, revision: &apos;6fbf3ec767&apos;, time: &apos;2017-09-27T15:28:36.4Z&apos;&#10;System info: host: &apos;LAPTOP-0V3POML9&apos;, ip: &apos;192.168.1.9&apos;, os.name: &apos;Windows 10&apos;, os.arch: &apos;amd64&apos;, os.version: &apos;10.0&apos;, java.version: &apos;13.0.1&apos;&#10;Driver info: org.openqa.selenium.chrome.ChromeDriver&#10;Capabilities [{networkConnectionEnabled=false, chrome={chromedriverVersion=86.0.4240.22 (398b0743353ff36fb1b82468f63a3a93b4e2e89e-refs/branch-heads/4240@{#378}), userDataDir=C:\Users\13472\AppData\Local\Temp\scoped_dir11448_709722900}, timeouts={implicit=0, pageLoad=300000, script=30000}, pageLoadStrategy=normal, unhandledPromptBehavior=dismiss and notify, strictFileInteractability=false, platform=WINDOWS, proxy=Proxy(), goog:chromeOptions={debuggerAddress=localhost:62438}, acceptInsecureCerts=false, browserVersion=87.0.4280.88, browserName=chrome, javascriptEnabled=true, platformName=WINDOWS, setWindowRect=true, webauthn:virtualAuthenticators=true}]&#10;Session ID: ace73e7a93b11f91a31885011f8ca636" type="org.openqa.selenium.WebDriverException"><![CDATA[org.openqa.selenium.WebDriverException: 
unknown error: cannot determine loading status
from disconnected: received Inspector.detached event
  (Session info: chrome=87.0.4280.88)
Build info: version: '3.6.0', revision: '6fbf3ec767', time: '2017-09-27T15:28:36.4Z'
System info: host: 'LAPTOP-0V3POML9', ip: '192.168.1.9', os.name: 'Windows 10', os.arch: 'amd64', os.version: '10.0', java.version: '13.0.1'
Driver info: org.openqa.selenium.chrome.ChromeDriver
Capabilities [{networkConnectionEnabled=false, chrome={chromedriverVersion=86.0.4240.22 (398b0743353ff36fb1b82468f63a3a93b4e2e89e-refs/branch-heads/4240@{#378}), userDataDir=C:\Users\13472\AppData\Local\Temp\scoped_dir11448_709722900}, timeouts={implicit=0, pageLoad=300000, script=30000}, pageLoadStrategy=normal, unhandledPromptBehavior=dismiss and notify, strictFileInteractability=false, platform=WINDOWS, proxy=Proxy(), goog:chromeOptions={debuggerAddress=localhost:62438}, acceptInsecureCerts=false, browserVersion=87.0.4280.88, browserName=chrome, javascriptEnabled=true, platformName=WINDOWS, setWindowRect=true, webauthn:virtualAuthenticators=true}]
Session ID: ace73e7a93b11f91a31885011f8ca636
	at alltesting.Maven_Testing.first_testng_Test.day1(first_testng_Test.java:18)
]]></failure>
    <system-err><![CDATA[Starting ChromeDriver 86.0.4240.22 (398b0743353ff36fb1b82468f63a3a93b4e2e89e-refs/branch-heads/4240@{#378}) on port 38895
Only local connections are allowed.
Please see https://chromedriver.chromium.org/security-considerations for suggestions on keeping ChromeDriver safe.
ChromeDriver was started successfully.
[1608518823.345][WARNING]: This version of ChromeDriver has not been tested with Chrome version 87.
Dec 20, 2020 9:47:06 PM org.openqa.selenium.remote.ProtocolHandshake createSession
INFO: Detected dialect: W3C
]]></system-err>
  </testcase>
</testsuite>