<?xml version="1.0" encoding="UTF-8"?>
<!-- Generated by org.testng.reporters.JUnitReportReporter -->
<testsuite hostname="LAPTOP-0V3POML9" failures="0" tests="1" name="alltesting.Maven_Testing.day1_test_3" time="0.018" errors="0" timestamp="2020-12-20T21:15:27 EST" skipped="0">
  <testcase classname="alltesting.Maven_Testing.day1_test_3" name="day1_tests_2_2" time="0.018"/>
  <system-out/>
</testsuite> <!-- alltesting.Maven_Testing.day1_test_3 -->
