<?xml version="1.0" encoding="UTF-8"?>
<!-- Generated by org.testng.reporters.JUnitReportReporter -->
<testsuite hostname="LAPTOP-0V3POML9" failures="0" tests="5" name="alltesting.Maven_Testing.day1_Test" time="0.013" errors="0" timestamp="2020-12-20T21:47:07 EST" skipped="0">
  <testcase classname="alltesting.Maven_Testing.day1_Test" name="daycarloan" time="0.001"/>
  <system-out/>
  <testcase classname="alltesting.Maven_Testing.day1_Test" name="daycarloan1" time="0.002"/>
  <system-out/>
  <testcase classname="alltesting.Maven_Testing.day1_Test" name="day1_tests_2_1" time="0.008"/>
  <system-out/>
  <testcase classname="alltesting.Maven_Testing.day1_Test" name="daycarloan2" time="0.001"/>
  <system-out/>
  <testcase classname="alltesting.Maven_Testing.day1_Test" name="day1_tests_2_2" time="0.001"/>
  <system-out/>
</testsuite> <!-- alltesting.Maven_Testing.day1_Test -->
